[2023-11-13 05:14:52,192] multiqc                                            [DEBUG  ]  No MultiQC config found: /root/miniconda3/envs/snakemake_carpentry/lib/python3.9/site-packages/multiqc_config.yaml
[2023-11-13 05:14:52,193] multiqc                                            [DEBUG  ]  No MultiQC config found: /root/.multiqc_config.yaml
[2023-11-13 05:14:52,193] multiqc                                            [DEBUG  ]  No MultiQC config found: multiqc_config.yaml
[2023-11-13 05:14:52,194] multiqc                                            [DEBUG  ]  Command used: /root/miniconda3/envs/snakemake_carpentry/bin/multiqc . -o multiqc_out
[2023-11-13 05:14:52,506] multiqc                                            [WARNING]  MultiQC Version v1.17 now available!
[2023-11-13 05:14:52,506] multiqc                                            [INFO   ]  This is MultiQC v1.10.1
[2023-11-13 05:14:52,507] multiqc                                            [DEBUG  ]  Command     : /root/miniconda3/envs/snakemake_carpentry/bin/multiqc . -o multiqc_out
[2023-11-13 05:14:52,507] multiqc                                            [DEBUG  ]  Working dir : /root/snakemake_data/yeast
[2023-11-13 05:14:52,507] multiqc                                            [INFO   ]  Template    : default
[2023-11-13 05:14:52,507] multiqc                                            [DEBUG  ]  Running Python 3.9.15 | packaged by conda-forge | (main, Nov 22 2022, 08:45:29)  [GCC 10.4.0]
[2023-11-13 05:14:52,507] multiqc                                            [INFO   ]  Searching   : /root/snakemake_data/yeast
[2023-11-13 05:14:52,509] multiqc                                            [DEBUG  ]  Analysing modules: custom_content, ngsderive, purple, conpair, peddy, somalier, methylQA, mosdepth, phantompeakqualtools, qualimap, preseq, quast, qorts, rna_seqc, rockhopper, rsem, rseqc, busco, goleft_indexcov, disambiguate, supernova, deeptools, sargasso, verifybamid, mirtrace, happy, mirtop, homer, hops, macs2, theta2, snpeff, gatk, htseq, bcftools, featureCounts, fgbio, dragen, dedup, damageprofiler, biobambam2, jcvi, mtnucratio, picard, sentieon, prokka, qc3C, samblaster, samtools, sexdeterrmine, eigenstratdatabasetools, bamtools, jellyfish, vcftools, longranger, stacks, varscan2, bbmap, bismark, biscuit, hicexplorer, hicup, hicpro, salmon, kallisto, slamdunk, star, hisat2, tophat, bowtie2, bowtie1, snpsplit, kat, leehom, adapterRemoval, clipandmerge, cutadapt, flexbar, kaiju, kraken, malt, trimmomatic, sickle, skewer, sortmerna, biobloomtools, fastq_screen, afterqc, fastp, fastqc, pychopper, pycoqc, minionqc, multivcfanalyzer, clusterflow, bcl2fastq, interop, ivar, flash, seqyclean, optitype
[2023-11-13 05:14:52,509] multiqc                                            [DEBUG  ]  Using temporary directory for creating report: /tmp/tmprcwqz0_p
[2023-11-13 05:14:52,796] multiqc                                            [DEBUG  ]  Ignoring directory as matched fn_ignore_paths: ./.snakemake
[2023-11-13 05:14:52,937] multiqc                                            [DEBUG  ]  File ignored by hicexplorer because it exceeded search pattern filesize limit: reads.temp33_2_2_fastqc.html
[2023-11-13 05:14:52,942] multiqc                                            [DEBUG  ]  File ignored by longranger/invocation because it exceeded search pattern filesize limit: reads.temp33_2_2_fastqc.html
[2023-11-13 05:14:52,942] multiqc                                            [DEBUG  ]  File ignored by rockhopper because it exceeded search pattern filesize limit: reads.temp33_2_2_fastqc.html
[2023-11-13 05:14:52,942] multiqc                                            [DEBUG  ]  File ignored by rseqc/bam_stat because it exceeded search pattern filesize limit: reads.temp33_2_2_fastqc.html
[2023-11-13 05:14:52,942] multiqc                                            [DEBUG  ]  File ignored by rseqc/junction_annotation because it exceeded search pattern filesize limit: reads.temp33_2_2_fastqc.html
[2023-11-13 05:14:52,942] multiqc                                            [DEBUG  ]  File ignored by rseqc/read_distribution because it exceeded search pattern filesize limit: reads.temp33_2_2_fastqc.html
[2023-11-13 05:14:52,943] multiqc                                            [DEBUG  ]  File ignored by rseqc/infer_experiment because it exceeded search pattern filesize limit: reads.temp33_2_2_fastqc.html
[2023-11-13 05:14:53,185] multiqc                                            [DEBUG  ]  File ignored by hicexplorer because it exceeded search pattern filesize limit: reads.temp33_3_1_fastqc.html
[2023-11-13 05:14:53,190] multiqc                                            [DEBUG  ]  File ignored by longranger/invocation because it exceeded search pattern filesize limit: reads.temp33_3_1_fastqc.html
[2023-11-13 05:14:53,190] multiqc                                            [DEBUG  ]  File ignored by rockhopper because it exceeded search pattern filesize limit: reads.temp33_3_1_fastqc.html
[2023-11-13 05:14:53,190] multiqc                                            [DEBUG  ]  File ignored by rseqc/bam_stat because it exceeded search pattern filesize limit: reads.temp33_3_1_fastqc.html
[2023-11-13 05:14:53,190] multiqc                                            [DEBUG  ]  File ignored by rseqc/junction_annotation because it exceeded search pattern filesize limit: reads.temp33_3_1_fastqc.html
[2023-11-13 05:14:53,190] multiqc                                            [DEBUG  ]  File ignored by rseqc/read_distribution because it exceeded search pattern filesize limit: reads.temp33_3_1_fastqc.html
[2023-11-13 05:14:53,191] multiqc                                            [DEBUG  ]  File ignored by rseqc/infer_experiment because it exceeded search pattern filesize limit: reads.temp33_3_1_fastqc.html
[2023-11-13 05:14:53,663] multiqc                                            [DEBUG  ]  File ignored by hicexplorer because it exceeded search pattern filesize limit: reads.ref_3_1_fastqc.html
[2023-11-13 05:14:53,668] multiqc                                            [DEBUG  ]  File ignored by longranger/invocation because it exceeded search pattern filesize limit: reads.ref_3_1_fastqc.html
[2023-11-13 05:14:53,668] multiqc                                            [DEBUG  ]  File ignored by rockhopper because it exceeded search pattern filesize limit: reads.ref_3_1_fastqc.html
[2023-11-13 05:14:53,669] multiqc                                            [DEBUG  ]  File ignored by rseqc/bam_stat because it exceeded search pattern filesize limit: reads.ref_3_1_fastqc.html
[2023-11-13 05:14:53,669] multiqc                                            [DEBUG  ]  File ignored by rseqc/junction_annotation because it exceeded search pattern filesize limit: reads.ref_3_1_fastqc.html
[2023-11-13 05:14:53,669] multiqc                                            [DEBUG  ]  File ignored by rseqc/read_distribution because it exceeded search pattern filesize limit: reads.ref_3_1_fastqc.html
[2023-11-13 05:14:53,669] multiqc                                            [DEBUG  ]  File ignored by rseqc/infer_experiment because it exceeded search pattern filesize limit: reads.ref_3_1_fastqc.html
[2023-11-13 05:14:53,899] multiqc                                            [DEBUG  ]  File ignored by hicexplorer because it exceeded search pattern filesize limit: reads.ref_2_1_fastqc.html
[2023-11-13 05:14:53,904] multiqc                                            [DEBUG  ]  File ignored by longranger/invocation because it exceeded search pattern filesize limit: reads.ref_2_1_fastqc.html
[2023-11-13 05:14:53,904] multiqc                                            [DEBUG  ]  File ignored by rockhopper because it exceeded search pattern filesize limit: reads.ref_2_1_fastqc.html
[2023-11-13 05:14:53,904] multiqc                                            [DEBUG  ]  File ignored by rseqc/bam_stat because it exceeded search pattern filesize limit: reads.ref_2_1_fastqc.html
[2023-11-13 05:14:53,904] multiqc                                            [DEBUG  ]  File ignored by rseqc/junction_annotation because it exceeded search pattern filesize limit: reads.ref_2_1_fastqc.html
[2023-11-13 05:14:53,904] multiqc                                            [DEBUG  ]  File ignored by rseqc/read_distribution because it exceeded search pattern filesize limit: reads.ref_2_1_fastqc.html
[2023-11-13 05:14:53,905] multiqc                                            [DEBUG  ]  File ignored by rseqc/infer_experiment because it exceeded search pattern filesize limit: reads.ref_2_1_fastqc.html
[2023-11-13 05:14:54,153] multiqc                                            [DEBUG  ]  File ignored by hicexplorer because it exceeded search pattern filesize limit: reads.temp33_2_1_fastqc.html
[2023-11-13 05:14:54,158] multiqc                                            [DEBUG  ]  File ignored by longranger/invocation because it exceeded search pattern filesize limit: reads.temp33_2_1_fastqc.html
[2023-11-13 05:14:54,158] multiqc                                            [DEBUG  ]  File ignored by rockhopper because it exceeded search pattern filesize limit: reads.temp33_2_1_fastqc.html
[2023-11-13 05:14:54,158] multiqc                                            [DEBUG  ]  File ignored by rseqc/bam_stat because it exceeded search pattern filesize limit: reads.temp33_2_1_fastqc.html
[2023-11-13 05:14:54,158] multiqc                                            [DEBUG  ]  File ignored by rseqc/junction_annotation because it exceeded search pattern filesize limit: reads.temp33_2_1_fastqc.html
[2023-11-13 05:14:54,158] multiqc                                            [DEBUG  ]  File ignored by rseqc/read_distribution because it exceeded search pattern filesize limit: reads.temp33_2_1_fastqc.html
[2023-11-13 05:14:54,159] multiqc                                            [DEBUG  ]  File ignored by rseqc/infer_experiment because it exceeded search pattern filesize limit: reads.temp33_2_1_fastqc.html
[2023-11-13 05:14:54,440] multiqc                                            [DEBUG  ]  File ignored by hicexplorer because it exceeded search pattern filesize limit: reads.ref_2_2_fastqc.html
[2023-11-13 05:14:54,445] multiqc                                            [DEBUG  ]  File ignored by longranger/invocation because it exceeded search pattern filesize limit: reads.ref_2_2_fastqc.html
[2023-11-13 05:14:54,445] multiqc                                            [DEBUG  ]  File ignored by rockhopper because it exceeded search pattern filesize limit: reads.ref_2_2_fastqc.html
[2023-11-13 05:14:54,445] multiqc                                            [DEBUG  ]  File ignored by rseqc/bam_stat because it exceeded search pattern filesize limit: reads.ref_2_2_fastqc.html
[2023-11-13 05:14:54,445] multiqc                                            [DEBUG  ]  File ignored by rseqc/junction_annotation because it exceeded search pattern filesize limit: reads.ref_2_2_fastqc.html
[2023-11-13 05:14:54,446] multiqc                                            [DEBUG  ]  File ignored by rseqc/read_distribution because it exceeded search pattern filesize limit: reads.ref_2_2_fastqc.html
[2023-11-13 05:14:54,446] multiqc                                            [DEBUG  ]  File ignored by rseqc/infer_experiment because it exceeded search pattern filesize limit: reads.ref_2_2_fastqc.html
[2023-11-13 05:14:54,669] multiqc                                            [DEBUG  ]  File ignored by hicexplorer because it exceeded search pattern filesize limit: reads.temp33_1_2_fastqc.html
[2023-11-13 05:14:54,674] multiqc                                            [DEBUG  ]  File ignored by longranger/invocation because it exceeded search pattern filesize limit: reads.temp33_1_2_fastqc.html
[2023-11-13 05:14:54,675] multiqc                                            [DEBUG  ]  File ignored by rockhopper because it exceeded search pattern filesize limit: reads.temp33_1_2_fastqc.html
[2023-11-13 05:14:54,675] multiqc                                            [DEBUG  ]  File ignored by rseqc/bam_stat because it exceeded search pattern filesize limit: reads.temp33_1_2_fastqc.html
[2023-11-13 05:14:54,675] multiqc                                            [DEBUG  ]  File ignored by rseqc/junction_annotation because it exceeded search pattern filesize limit: reads.temp33_1_2_fastqc.html
[2023-11-13 05:14:54,675] multiqc                                            [DEBUG  ]  File ignored by rseqc/read_distribution because it exceeded search pattern filesize limit: reads.temp33_1_2_fastqc.html
[2023-11-13 05:14:54,675] multiqc                                            [DEBUG  ]  File ignored by rseqc/infer_experiment because it exceeded search pattern filesize limit: reads.temp33_1_2_fastqc.html
[2023-11-13 05:14:55,003] multiqc                                            [DEBUG  ]  File ignored by hicexplorer because it exceeded search pattern filesize limit: reads.ref_1_2_fastqc.html
[2023-11-13 05:14:55,007] multiqc                                            [DEBUG  ]  File ignored by longranger/invocation because it exceeded search pattern filesize limit: reads.ref_1_2_fastqc.html
[2023-11-13 05:14:55,008] multiqc                                            [DEBUG  ]  File ignored by rockhopper because it exceeded search pattern filesize limit: reads.ref_1_2_fastqc.html
[2023-11-13 05:14:55,008] multiqc                                            [DEBUG  ]  File ignored by rseqc/bam_stat because it exceeded search pattern filesize limit: reads.ref_1_2_fastqc.html
[2023-11-13 05:14:55,008] multiqc                                            [DEBUG  ]  File ignored by rseqc/junction_annotation because it exceeded search pattern filesize limit: reads.ref_1_2_fastqc.html
[2023-11-13 05:14:55,008] multiqc                                            [DEBUG  ]  File ignored by rseqc/read_distribution because it exceeded search pattern filesize limit: reads.ref_1_2_fastqc.html
[2023-11-13 05:14:55,008] multiqc                                            [DEBUG  ]  File ignored by rseqc/infer_experiment because it exceeded search pattern filesize limit: reads.ref_1_2_fastqc.html
[2023-11-13 05:14:55,261] multiqc                                            [DEBUG  ]  File ignored by hicexplorer because it exceeded search pattern filesize limit: reads.etoh60_2_1_fastqc.html
[2023-11-13 05:14:55,265] multiqc                                            [DEBUG  ]  File ignored by longranger/invocation because it exceeded search pattern filesize limit: reads.etoh60_2_1_fastqc.html
[2023-11-13 05:14:55,266] multiqc                                            [DEBUG  ]  File ignored by rockhopper because it exceeded search pattern filesize limit: reads.etoh60_2_1_fastqc.html
[2023-11-13 05:14:55,266] multiqc                                            [DEBUG  ]  File ignored by rseqc/bam_stat because it exceeded search pattern filesize limit: reads.etoh60_2_1_fastqc.html
[2023-11-13 05:14:55,266] multiqc                                            [DEBUG  ]  File ignored by rseqc/junction_annotation because it exceeded search pattern filesize limit: reads.etoh60_2_1_fastqc.html
[2023-11-13 05:14:55,266] multiqc                                            [DEBUG  ]  File ignored by rseqc/read_distribution because it exceeded search pattern filesize limit: reads.etoh60_2_1_fastqc.html
[2023-11-13 05:14:55,266] multiqc                                            [DEBUG  ]  File ignored by rseqc/infer_experiment because it exceeded search pattern filesize limit: reads.etoh60_2_1_fastqc.html
[2023-11-13 05:14:55,548] multiqc                                            [DEBUG  ]  File ignored by hicexplorer because it exceeded search pattern filesize limit: reads.etoh60_3_1_fastqc.html
[2023-11-13 05:14:55,553] multiqc                                            [DEBUG  ]  File ignored by longranger/invocation because it exceeded search pattern filesize limit: reads.etoh60_3_1_fastqc.html
[2023-11-13 05:14:55,553] multiqc                                            [DEBUG  ]  File ignored by rockhopper because it exceeded search pattern filesize limit: reads.etoh60_3_1_fastqc.html
[2023-11-13 05:14:55,553] multiqc                                            [DEBUG  ]  File ignored by rseqc/bam_stat because it exceeded search pattern filesize limit: reads.etoh60_3_1_fastqc.html
[2023-11-13 05:14:55,554] multiqc                                            [DEBUG  ]  File ignored by rseqc/junction_annotation because it exceeded search pattern filesize limit: reads.etoh60_3_1_fastqc.html
[2023-11-13 05:14:55,554] multiqc                                            [DEBUG  ]  File ignored by rseqc/read_distribution because it exceeded search pattern filesize limit: reads.etoh60_3_1_fastqc.html
[2023-11-13 05:14:55,554] multiqc                                            [DEBUG  ]  File ignored by rseqc/infer_experiment because it exceeded search pattern filesize limit: reads.etoh60_3_1_fastqc.html
[2023-11-13 05:14:55,777] multiqc                                            [DEBUG  ]  File ignored by hicexplorer because it exceeded search pattern filesize limit: reads.etoh60_2_2_fastqc.html
[2023-11-13 05:14:55,782] multiqc                                            [DEBUG  ]  File ignored by longranger/invocation because it exceeded search pattern filesize limit: reads.etoh60_2_2_fastqc.html
[2023-11-13 05:14:55,782] multiqc                                            [DEBUG  ]  File ignored by rockhopper because it exceeded search pattern filesize limit: reads.etoh60_2_2_fastqc.html
[2023-11-13 05:14:55,782] multiqc                                            [DEBUG  ]  File ignored by rseqc/bam_stat because it exceeded search pattern filesize limit: reads.etoh60_2_2_fastqc.html
[2023-11-13 05:14:55,783] multiqc                                            [DEBUG  ]  File ignored by rseqc/junction_annotation because it exceeded search pattern filesize limit: reads.etoh60_2_2_fastqc.html
[2023-11-13 05:14:55,783] multiqc                                            [DEBUG  ]  File ignored by rseqc/read_distribution because it exceeded search pattern filesize limit: reads.etoh60_2_2_fastqc.html
[2023-11-13 05:14:55,783] multiqc                                            [DEBUG  ]  File ignored by rseqc/infer_experiment because it exceeded search pattern filesize limit: reads.etoh60_2_2_fastqc.html
[2023-11-13 05:14:56,031] multiqc                                            [DEBUG  ]  File ignored by longranger/invocation because it exceeded search pattern filesize limit: Snakefile
[2023-11-13 05:14:56,146] multiqc                                            [DEBUG  ]  File ignored by hicexplorer because it exceeded search pattern filesize limit: reads.etoh60_1_1_fastqc.html
[2023-11-13 05:14:56,151] multiqc                                            [DEBUG  ]  File ignored by longranger/invocation because it exceeded search pattern filesize limit: reads.etoh60_1_1_fastqc.html
[2023-11-13 05:14:56,151] multiqc                                            [DEBUG  ]  File ignored by rockhopper because it exceeded search pattern filesize limit: reads.etoh60_1_1_fastqc.html
[2023-11-13 05:14:56,152] multiqc                                            [DEBUG  ]  File ignored by rseqc/bam_stat because it exceeded search pattern filesize limit: reads.etoh60_1_1_fastqc.html
[2023-11-13 05:14:56,152] multiqc                                            [DEBUG  ]  File ignored by rseqc/junction_annotation because it exceeded search pattern filesize limit: reads.etoh60_1_1_fastqc.html
[2023-11-13 05:14:56,152] multiqc                                            [DEBUG  ]  File ignored by rseqc/read_distribution because it exceeded search pattern filesize limit: reads.etoh60_1_1_fastqc.html
[2023-11-13 05:14:56,152] multiqc                                            [DEBUG  ]  File ignored by rseqc/infer_experiment because it exceeded search pattern filesize limit: reads.etoh60_1_1_fastqc.html
[2023-11-13 05:14:56,435] multiqc                                            [DEBUG  ]  File ignored by hicexplorer because it exceeded search pattern filesize limit: reads.ref_3_2_fastqc.html
[2023-11-13 05:14:56,440] multiqc                                            [DEBUG  ]  File ignored by longranger/invocation because it exceeded search pattern filesize limit: reads.ref_3_2_fastqc.html
[2023-11-13 05:14:56,440] multiqc                                            [DEBUG  ]  File ignored by rockhopper because it exceeded search pattern filesize limit: reads.ref_3_2_fastqc.html
[2023-11-13 05:14:56,440] multiqc                                            [DEBUG  ]  File ignored by rseqc/bam_stat because it exceeded search pattern filesize limit: reads.ref_3_2_fastqc.html
[2023-11-13 05:14:56,440] multiqc                                            [DEBUG  ]  File ignored by rseqc/junction_annotation because it exceeded search pattern filesize limit: reads.ref_3_2_fastqc.html
[2023-11-13 05:14:56,440] multiqc                                            [DEBUG  ]  File ignored by rseqc/read_distribution because it exceeded search pattern filesize limit: reads.ref_3_2_fastqc.html
[2023-11-13 05:14:56,441] multiqc                                            [DEBUG  ]  File ignored by rseqc/infer_experiment because it exceeded search pattern filesize limit: reads.ref_3_2_fastqc.html
[2023-11-13 05:14:56,688] multiqc                                            [DEBUG  ]  File ignored by hicexplorer because it exceeded search pattern filesize limit: reads.temp33_1_1_fastqc.html
[2023-11-13 05:14:56,693] multiqc                                            [DEBUG  ]  File ignored by longranger/invocation because it exceeded search pattern filesize limit: reads.temp33_1_1_fastqc.html
[2023-11-13 05:14:56,693] multiqc                                            [DEBUG  ]  File ignored by rockhopper because it exceeded search pattern filesize limit: reads.temp33_1_1_fastqc.html
[2023-11-13 05:14:56,693] multiqc                                            [DEBUG  ]  File ignored by rseqc/bam_stat because it exceeded search pattern filesize limit: reads.temp33_1_1_fastqc.html
[2023-11-13 05:14:56,693] multiqc                                            [DEBUG  ]  File ignored by rseqc/junction_annotation because it exceeded search pattern filesize limit: reads.temp33_1_1_fastqc.html
[2023-11-13 05:14:56,693] multiqc                                            [DEBUG  ]  File ignored by rseqc/read_distribution because it exceeded search pattern filesize limit: reads.temp33_1_1_fastqc.html
[2023-11-13 05:14:56,693] multiqc                                            [DEBUG  ]  File ignored by rseqc/infer_experiment because it exceeded search pattern filesize limit: reads.temp33_1_1_fastqc.html
[2023-11-13 05:14:56,976] multiqc                                            [DEBUG  ]  File ignored by hicexplorer because it exceeded search pattern filesize limit: reads.ref_1_1_fastqc.html
[2023-11-13 05:14:56,981] multiqc                                            [DEBUG  ]  File ignored by longranger/invocation because it exceeded search pattern filesize limit: reads.ref_1_1_fastqc.html
[2023-11-13 05:14:56,981] multiqc                                            [DEBUG  ]  File ignored by rockhopper because it exceeded search pattern filesize limit: reads.ref_1_1_fastqc.html
[2023-11-13 05:14:56,981] multiqc                                            [DEBUG  ]  File ignored by rseqc/bam_stat because it exceeded search pattern filesize limit: reads.ref_1_1_fastqc.html
[2023-11-13 05:14:56,981] multiqc                                            [DEBUG  ]  File ignored by rseqc/junction_annotation because it exceeded search pattern filesize limit: reads.ref_1_1_fastqc.html
[2023-11-13 05:14:56,981] multiqc                                            [DEBUG  ]  File ignored by rseqc/read_distribution because it exceeded search pattern filesize limit: reads.ref_1_1_fastqc.html
[2023-11-13 05:14:56,981] multiqc                                            [DEBUG  ]  File ignored by rseqc/infer_experiment because it exceeded search pattern filesize limit: reads.ref_1_1_fastqc.html
[2023-11-13 05:14:57,218] multiqc                                            [DEBUG  ]  File ignored by hicexplorer because it exceeded search pattern filesize limit: reads.temp33_3_2_fastqc.html
[2023-11-13 05:14:57,223] multiqc                                            [DEBUG  ]  File ignored by longranger/invocation because it exceeded search pattern filesize limit: reads.temp33_3_2_fastqc.html
[2023-11-13 05:14:57,223] multiqc                                            [DEBUG  ]  File ignored by rockhopper because it exceeded search pattern filesize limit: reads.temp33_3_2_fastqc.html
[2023-11-13 05:14:57,223] multiqc                                            [DEBUG  ]  File ignored by rseqc/bam_stat because it exceeded search pattern filesize limit: reads.temp33_3_2_fastqc.html
[2023-11-13 05:14:57,224] multiqc                                            [DEBUG  ]  File ignored by rseqc/junction_annotation because it exceeded search pattern filesize limit: reads.temp33_3_2_fastqc.html
[2023-11-13 05:14:57,224] multiqc                                            [DEBUG  ]  File ignored by rseqc/read_distribution because it exceeded search pattern filesize limit: reads.temp33_3_2_fastqc.html
[2023-11-13 05:14:57,224] multiqc                                            [DEBUG  ]  File ignored by rseqc/infer_experiment because it exceeded search pattern filesize limit: reads.temp33_3_2_fastqc.html
[2023-11-13 05:14:57,451] multiqc                                            [DEBUG  ]  File ignored by hicexplorer because it exceeded search pattern filesize limit: reads.etoh60_3_2_fastqc.html
[2023-11-13 05:14:57,456] multiqc                                            [DEBUG  ]  File ignored by longranger/invocation because it exceeded search pattern filesize limit: reads.etoh60_3_2_fastqc.html
[2023-11-13 05:14:57,456] multiqc                                            [DEBUG  ]  File ignored by rockhopper because it exceeded search pattern filesize limit: reads.etoh60_3_2_fastqc.html
[2023-11-13 05:14:57,456] multiqc                                            [DEBUG  ]  File ignored by rseqc/bam_stat because it exceeded search pattern filesize limit: reads.etoh60_3_2_fastqc.html
[2023-11-13 05:14:57,456] multiqc                                            [DEBUG  ]  File ignored by rseqc/junction_annotation because it exceeded search pattern filesize limit: reads.etoh60_3_2_fastqc.html
[2023-11-13 05:14:57,456] multiqc                                            [DEBUG  ]  File ignored by rseqc/read_distribution because it exceeded search pattern filesize limit: reads.etoh60_3_2_fastqc.html
[2023-11-13 05:14:57,457] multiqc                                            [DEBUG  ]  File ignored by rseqc/infer_experiment because it exceeded search pattern filesize limit: reads.etoh60_3_2_fastqc.html
[2023-11-13 05:14:57,703] multiqc                                            [DEBUG  ]  File ignored by hicexplorer because it exceeded search pattern filesize limit: reads.etoh60_1_2_fastqc.html
[2023-11-13 05:14:57,708] multiqc                                            [DEBUG  ]  File ignored by longranger/invocation because it exceeded search pattern filesize limit: reads.etoh60_1_2_fastqc.html
[2023-11-13 05:14:57,708] multiqc                                            [DEBUG  ]  File ignored by rockhopper because it exceeded search pattern filesize limit: reads.etoh60_1_2_fastqc.html
[2023-11-13 05:14:57,708] multiqc                                            [DEBUG  ]  File ignored by rseqc/bam_stat because it exceeded search pattern filesize limit: reads.etoh60_1_2_fastqc.html
[2023-11-13 05:14:57,709] multiqc                                            [DEBUG  ]  File ignored by rseqc/junction_annotation because it exceeded search pattern filesize limit: reads.etoh60_1_2_fastqc.html
[2023-11-13 05:14:57,709] multiqc                                            [DEBUG  ]  File ignored by rseqc/read_distribution because it exceeded search pattern filesize limit: reads.etoh60_1_2_fastqc.html
[2023-11-13 05:14:57,709] multiqc                                            [DEBUG  ]  File ignored by rseqc/infer_experiment because it exceeded search pattern filesize limit: reads.etoh60_1_2_fastqc.html
[2023-11-13 05:14:57,966] multiqc                                            [DEBUG  ]  File ignored by hicexplorer because it exceeded search pattern filesize limit: rank.bin
[2023-11-13 05:14:57,969] multiqc                                            [DEBUG  ]  File ignored by longranger/invocation because it exceeded search pattern filesize limit: rank.bin
[2023-11-13 05:14:57,969] multiqc                                            [DEBUG  ]  File ignored by rockhopper because it exceeded search pattern filesize limit: rank.bin
[2023-11-13 05:14:57,969] multiqc                                            [DEBUG  ]  File ignored by rseqc/bam_stat because it exceeded search pattern filesize limit: rank.bin
[2023-11-13 05:14:57,969] multiqc                                            [DEBUG  ]  File ignored by rseqc/junction_annotation because it exceeded search pattern filesize limit: rank.bin
[2023-11-13 05:14:57,969] multiqc                                            [DEBUG  ]  File ignored by rseqc/read_distribution because it exceeded search pattern filesize limit: rank.bin
[2023-11-13 05:14:57,970] multiqc                                            [DEBUG  ]  File ignored by rseqc/infer_experiment because it exceeded search pattern filesize limit: rank.bin
[2023-11-13 05:14:57,970] multiqc                                            [DEBUG  ]  File ignored by stacks/sumstats because it exceeded search pattern filesize limit: rank.bin
[2023-11-13 05:14:57,997] multiqc                                            [DEBUG  ]  File ignored by hicexplorer because it exceeded search pattern filesize limit: refseq.bin
[2023-11-13 05:14:58,000] multiqc                                            [DEBUG  ]  File ignored by longranger/invocation because it exceeded search pattern filesize limit: refseq.bin
[2023-11-13 05:14:58,000] multiqc                                            [DEBUG  ]  File ignored by rockhopper because it exceeded search pattern filesize limit: refseq.bin
[2023-11-13 05:14:58,000] multiqc                                            [DEBUG  ]  File ignored by rseqc/bam_stat because it exceeded search pattern filesize limit: refseq.bin
[2023-11-13 05:14:58,000] multiqc                                            [DEBUG  ]  File ignored by rseqc/junction_annotation because it exceeded search pattern filesize limit: refseq.bin
[2023-11-13 05:14:58,000] multiqc                                            [DEBUG  ]  File ignored by rseqc/read_distribution because it exceeded search pattern filesize limit: refseq.bin
[2023-11-13 05:14:58,001] multiqc                                            [DEBUG  ]  File ignored by rseqc/infer_experiment because it exceeded search pattern filesize limit: refseq.bin
[2023-11-13 05:14:58,001] multiqc                                            [DEBUG  ]  File ignored by stacks/sumstats because it exceeded search pattern filesize limit: refseq.bin
[2023-11-13 05:14:58,014] multiqc                                            [DEBUG  ]  File ignored by hicexplorer because it exceeded search pattern filesize limit: refAccumLengths.bin
[2023-11-13 05:14:58,018] multiqc                                            [DEBUG  ]  File ignored by longranger/invocation because it exceeded search pattern filesize limit: refAccumLengths.bin
[2023-11-13 05:14:58,039] multiqc                                            [DEBUG  ]  File ignored by hicexplorer because it exceeded search pattern filesize limit: complete_ref_lens.bin
[2023-11-13 05:14:58,042] multiqc                                            [DEBUG  ]  File ignored by longranger/invocation because it exceeded search pattern filesize limit: complete_ref_lens.bin
[2023-11-13 05:14:58,056] multiqc                                            [DEBUG  ]  File ignored by hicexplorer because it exceeded search pattern filesize limit: ctable.bin
[2023-11-13 05:14:58,059] multiqc                                            [DEBUG  ]  File ignored by longranger/invocation because it exceeded search pattern filesize limit: ctable.bin
[2023-11-13 05:14:58,073] multiqc                                            [DEBUG  ]  File ignored by hicexplorer because it exceeded search pattern filesize limit: ctg_offsets.bin
[2023-11-13 05:14:58,076] multiqc                                            [DEBUG  ]  File ignored by longranger/invocation because it exceeded search pattern filesize limit: ctg_offsets.bin
[2023-11-13 05:14:58,091] multiqc                                            [DEBUG  ]  File ignored by hicexplorer because it exceeded search pattern filesize limit: mphf.bin
[2023-11-13 05:14:58,094] multiqc                                            [DEBUG  ]  File ignored by longranger/invocation because it exceeded search pattern filesize limit: mphf.bin
[2023-11-13 05:14:58,094] multiqc                                            [DEBUG  ]  File ignored by rockhopper because it exceeded search pattern filesize limit: mphf.bin
[2023-11-13 05:14:58,094] multiqc                                            [DEBUG  ]  File ignored by rseqc/bam_stat because it exceeded search pattern filesize limit: mphf.bin
[2023-11-13 05:14:58,094] multiqc                                            [DEBUG  ]  File ignored by rseqc/junction_annotation because it exceeded search pattern filesize limit: mphf.bin
[2023-11-13 05:14:58,095] multiqc                                            [DEBUG  ]  File ignored by rseqc/read_distribution because it exceeded search pattern filesize limit: mphf.bin
[2023-11-13 05:14:58,095] multiqc                                            [DEBUG  ]  File ignored by rseqc/infer_experiment because it exceeded search pattern filesize limit: mphf.bin
[2023-11-13 05:14:58,095] multiqc                                            [DEBUG  ]  File ignored by snpeff because it exceeded search pattern filesize limit: mphf.bin
[2023-11-13 05:14:58,095] multiqc                                            [DEBUG  ]  File ignored by stacks/sumstats because it exceeded search pattern filesize limit: mphf.bin
[2023-11-13 05:14:58,109] multiqc                                            [DEBUG  ]  File ignored by hicexplorer because it exceeded search pattern filesize limit: seq.bin
[2023-11-13 05:14:58,112] multiqc                                            [DEBUG  ]  File ignored by longranger/invocation because it exceeded search pattern filesize limit: seq.bin
[2023-11-13 05:14:58,112] multiqc                                            [DEBUG  ]  File ignored by rockhopper because it exceeded search pattern filesize limit: seq.bin
[2023-11-13 05:14:58,112] multiqc                                            [DEBUG  ]  File ignored by rseqc/bam_stat because it exceeded search pattern filesize limit: seq.bin
[2023-11-13 05:14:58,112] multiqc                                            [DEBUG  ]  File ignored by rseqc/junction_annotation because it exceeded search pattern filesize limit: seq.bin
[2023-11-13 05:14:58,113] multiqc                                            [DEBUG  ]  File ignored by rseqc/read_distribution because it exceeded search pattern filesize limit: seq.bin
[2023-11-13 05:14:58,113] multiqc                                            [DEBUG  ]  File ignored by rseqc/infer_experiment because it exceeded search pattern filesize limit: seq.bin
[2023-11-13 05:14:58,113] multiqc                                            [DEBUG  ]  File ignored by stacks/sumstats because it exceeded search pattern filesize limit: seq.bin
[2023-11-13 05:14:58,168] multiqc                                            [DEBUG  ]  File ignored by hicexplorer because it exceeded search pattern filesize limit: reflengths.bin
[2023-11-13 05:14:58,171] multiqc                                            [DEBUG  ]  File ignored by longranger/invocation because it exceeded search pattern filesize limit: reflengths.bin
[2023-11-13 05:14:58,189] multiqc                                            [DEBUG  ]  File ignored by longranger/invocation because it exceeded search pattern filesize limit: ref_indexing.log
[2023-11-13 05:14:58,218] multiqc                                            [DEBUG  ]  Ignoring file as matched an ignore pattern: etoh60_2_2.fq
[2023-11-13 05:14:58,218] multiqc                                            [DEBUG  ]  Ignoring file as matched an ignore pattern: temp33_3_2.fq
[2023-11-13 05:14:58,220] multiqc                                            [DEBUG  ]  Ignoring file as matched an ignore pattern: ref_3_2.fq
[2023-11-13 05:14:58,220] multiqc                                            [DEBUG  ]  Ignoring file as matched an ignore pattern: temp33_2_1.fq
[2023-11-13 05:14:58,220] multiqc                                            [DEBUG  ]  Ignoring file as matched an ignore pattern: etoh60_3_1.fq
[2023-11-13 05:14:58,221] multiqc                                            [DEBUG  ]  Ignoring file as matched an ignore pattern: etoh60_3_2.fq
[2023-11-13 05:14:58,221] multiqc                                            [DEBUG  ]  Ignoring file as matched an ignore pattern: temp33_1_1.fq
[2023-11-13 05:14:58,221] multiqc                                            [DEBUG  ]  Ignoring file as matched an ignore pattern: ref_2_1.fq
[2023-11-13 05:14:58,221] multiqc                                            [DEBUG  ]  Ignoring file as matched an ignore pattern: temp33_3_1.fq
[2023-11-13 05:14:58,221] multiqc                                            [DEBUG  ]  Ignoring file as matched an ignore pattern: ref_1_2.fq
[2023-11-13 05:14:58,235] multiqc                                            [DEBUG  ]  File ignored by hicexplorer because it exceeded search pattern filesize limit: ref_1_1_fastqc.html
[2023-11-13 05:14:58,240] multiqc                                            [DEBUG  ]  File ignored by longranger/invocation because it exceeded search pattern filesize limit: ref_1_1_fastqc.html
[2023-11-13 05:14:58,240] multiqc                                            [DEBUG  ]  File ignored by rockhopper because it exceeded search pattern filesize limit: ref_1_1_fastqc.html
[2023-11-13 05:14:58,240] multiqc                                            [DEBUG  ]  File ignored by rseqc/bam_stat because it exceeded search pattern filesize limit: ref_1_1_fastqc.html
[2023-11-13 05:14:58,240] multiqc                                            [DEBUG  ]  File ignored by rseqc/junction_annotation because it exceeded search pattern filesize limit: ref_1_1_fastqc.html
[2023-11-13 05:14:58,240] multiqc                                            [DEBUG  ]  File ignored by rseqc/read_distribution because it exceeded search pattern filesize limit: ref_1_1_fastqc.html
[2023-11-13 05:14:58,241] multiqc                                            [DEBUG  ]  File ignored by rseqc/infer_experiment because it exceeded search pattern filesize limit: ref_1_1_fastqc.html
[2023-11-13 05:14:58,451] multiqc                                            [DEBUG  ]  Ignoring file as matched an ignore pattern: etoh60_1_2.fq
[2023-11-13 05:14:58,451] multiqc                                            [DEBUG  ]  Ignoring file as matched an ignore pattern: ref_1_1.fq
[2023-11-13 05:14:58,451] multiqc                                            [DEBUG  ]  Ignoring file as matched an ignore pattern: ref_3_1.fq
[2023-11-13 05:14:58,452] multiqc                                            [DEBUG  ]  Ignoring file as matched an ignore pattern: ref_2_2.fq
[2023-11-13 05:14:58,452] multiqc                                            [DEBUG  ]  Ignoring file as matched an ignore pattern: etoh60_1_1.fq
[2023-11-13 05:14:58,452] multiqc                                            [DEBUG  ]  Ignoring file as matched an ignore pattern: temp33_2_2.fq
[2023-11-13 05:14:58,452] multiqc                                            [DEBUG  ]  Ignoring file as matched an ignore pattern: temp33_1_2.fq
[2023-11-13 05:14:58,453] multiqc                                            [DEBUG  ]  Ignoring file as matched an ignore pattern: etoh60_2_1.fq
[2023-11-13 05:14:58,467] multiqc                                            [DEBUG  ]  File ignored by hicexplorer because it exceeded search pattern filesize limit: ref_1_2_fastqc.html
[2023-11-13 05:14:58,472] multiqc                                            [DEBUG  ]  File ignored by longranger/invocation because it exceeded search pattern filesize limit: ref_1_2_fastqc.html
[2023-11-13 05:14:58,472] multiqc                                            [DEBUG  ]  File ignored by rockhopper because it exceeded search pattern filesize limit: ref_1_2_fastqc.html
[2023-11-13 05:14:58,472] multiqc                                            [DEBUG  ]  File ignored by rseqc/bam_stat because it exceeded search pattern filesize limit: ref_1_2_fastqc.html
[2023-11-13 05:14:58,472] multiqc                                            [DEBUG  ]  File ignored by rseqc/junction_annotation because it exceeded search pattern filesize limit: ref_1_2_fastqc.html
[2023-11-13 05:14:58,472] multiqc                                            [DEBUG  ]  File ignored by rseqc/read_distribution because it exceeded search pattern filesize limit: ref_1_2_fastqc.html
[2023-11-13 05:14:58,473] multiqc                                            [DEBUG  ]  File ignored by rseqc/infer_experiment because it exceeded search pattern filesize limit: ref_1_2_fastqc.html
[2023-11-13 05:14:58,735] multiqc                                            [DEBUG  ]  File ignored by hicexplorer because it exceeded search pattern filesize limit: abundance.tsv
[2023-11-13 05:14:58,739] multiqc                                            [DEBUG  ]  File ignored by longranger/invocation because it exceeded search pattern filesize limit: abundance.tsv
[2023-11-13 05:14:59,308] multiqc                                            [DEBUG  ]  File ignored by hicexplorer because it exceeded search pattern filesize limit: abundance.h5
[2023-11-13 05:14:59,311] multiqc                                            [DEBUG  ]  File ignored by longranger/invocation because it exceeded search pattern filesize limit: abundance.h5
[2023-11-13 05:14:59,348] multiqc                                            [DEBUG  ]  File ignored by hicexplorer because it exceeded search pattern filesize limit: ref_2_1_fastqc.html
[2023-11-13 05:14:59,353] multiqc                                            [DEBUG  ]  File ignored by longranger/invocation because it exceeded search pattern filesize limit: ref_2_1_fastqc.html
[2023-11-13 05:14:59,354] multiqc                                            [DEBUG  ]  File ignored by rockhopper because it exceeded search pattern filesize limit: ref_2_1_fastqc.html
[2023-11-13 05:14:59,354] multiqc                                            [DEBUG  ]  File ignored by rseqc/bam_stat because it exceeded search pattern filesize limit: ref_2_1_fastqc.html
[2023-11-13 05:14:59,354] multiqc                                            [DEBUG  ]  File ignored by rseqc/junction_annotation because it exceeded search pattern filesize limit: ref_2_1_fastqc.html
[2023-11-13 05:14:59,354] multiqc                                            [DEBUG  ]  File ignored by rseqc/read_distribution because it exceeded search pattern filesize limit: ref_2_1_fastqc.html
[2023-11-13 05:14:59,354] multiqc                                            [DEBUG  ]  File ignored by rseqc/infer_experiment because it exceeded search pattern filesize limit: ref_2_1_fastqc.html
[2023-11-13 05:14:59,578] multiqc                                            [DEBUG  ]  File ignored by hicexplorer because it exceeded search pattern filesize limit: quant.sf
[2023-11-13 05:14:59,582] multiqc                                            [DEBUG  ]  File ignored by longranger/invocation because it exceeded search pattern filesize limit: quant.sf
[2023-11-13 05:15:00,279] multiqc                                            [DEBUG  ]  File ignored by hicexplorer because it exceeded search pattern filesize limit: ambig_info.tsv
[2023-11-13 05:15:00,302] multiqc                                            [DEBUG  ]  File ignored by longranger/invocation because it exceeded search pattern filesize limit: ambig_info.tsv
[2023-11-13 05:15:00,887] multiqc                                            [DEBUG  ]  File ignored by longranger/invocation because it exceeded search pattern filesize limit: salmon_quant.log
[2023-11-13 05:15:00,905] multiqc                                            [DEBUG  ]  File ignored by hicexplorer because it exceeded search pattern filesize limit: quant.sf
[2023-11-13 05:15:00,909] multiqc                                            [DEBUG  ]  File ignored by longranger/invocation because it exceeded search pattern filesize limit: quant.sf
[2023-11-13 05:15:01,534] multiqc                                            [DEBUG  ]  File ignored by hicexplorer because it exceeded search pattern filesize limit: ambig_info.tsv
[2023-11-13 05:15:01,538] multiqc                                            [DEBUG  ]  File ignored by longranger/invocation because it exceeded search pattern filesize limit: ambig_info.tsv
[2023-11-13 05:15:02,059] multiqc                                            [DEBUG  ]  File ignored by longranger/invocation because it exceeded search pattern filesize limit: salmon_quant.log
[2023-11-13 05:15:02,116] multiqc                                            [DEBUG  ]  File ignored by hicexplorer because it exceeded search pattern filesize limit: abundance.tsv
[2023-11-13 05:15:02,120] multiqc                                            [DEBUG  ]  File ignored by longranger/invocation because it exceeded search pattern filesize limit: abundance.tsv
[2023-11-13 05:15:02,683] multiqc                                            [DEBUG  ]  File ignored by hicexplorer because it exceeded search pattern filesize limit: abundance.h5
[2023-11-13 05:15:02,687] multiqc                                            [DEBUG  ]  File ignored by longranger/invocation because it exceeded search pattern filesize limit: abundance.h5
[2023-11-13 05:15:02,702] multiqc                                            [DEBUG  ]  File ignored by hicexplorer because it exceeded search pattern filesize limit: quant.sf
[2023-11-13 05:15:02,706] multiqc                                            [DEBUG  ]  File ignored by longranger/invocation because it exceeded search pattern filesize limit: quant.sf
[2023-11-13 05:15:03,345] multiqc                                            [DEBUG  ]  File ignored by hicexplorer because it exceeded search pattern filesize limit: ambig_info.tsv
[2023-11-13 05:15:03,356] multiqc                                            [DEBUG  ]  File ignored by longranger/invocation because it exceeded search pattern filesize limit: ambig_info.tsv
[2023-11-13 05:15:03,887] multiqc                                            [DEBUG  ]  File ignored by longranger/invocation because it exceeded search pattern filesize limit: salmon_quant.log
[2023-11-13 05:15:03,896] multiqc                                            [DEBUG  ]  Ignoring file as matched an ignore pattern: etoh60_2_2.fq
[2023-11-13 05:15:03,896] multiqc                                            [DEBUG  ]  Ignoring file as matched an ignore pattern: temp33_3_2.fq
[2023-11-13 05:15:03,896] multiqc                                            [DEBUG  ]  Ignoring file as matched an ignore pattern: temp33_2_1.fq
[2023-11-13 05:15:03,897] multiqc                                            [DEBUG  ]  Ignoring file as matched an ignore pattern: etoh60_3_1.fq
[2023-11-13 05:15:03,897] multiqc                                            [DEBUG  ]  Ignoring file as matched an ignore pattern: etoh60_3_2.fq
[2023-11-13 05:15:03,897] multiqc                                            [DEBUG  ]  Ignoring file as matched an ignore pattern: temp33_1_1.fq
[2023-11-13 05:15:03,897] multiqc                                            [DEBUG  ]  Ignoring file as matched an ignore pattern: temp33_3_1.fq
[2023-11-13 05:15:03,898] multiqc                                            [DEBUG  ]  Ignoring file as matched an ignore pattern: ref1_1.fq
[2023-11-13 05:15:03,898] multiqc                                            [DEBUG  ]  Ignoring file as matched an ignore pattern: etoh60_1_2.fq
[2023-11-13 05:15:03,898] multiqc                                            [DEBUG  ]  Ignoring file as matched an ignore pattern: ref3_1.fq
[2023-11-13 05:15:03,898] multiqc                                            [DEBUG  ]  Ignoring file as matched an ignore pattern: ref3_2.fq
[2023-11-13 05:15:03,898] multiqc                                            [DEBUG  ]  Ignoring file as matched an ignore pattern: ref1_2.fq
[2023-11-13 05:15:03,899] multiqc                                            [DEBUG  ]  Ignoring file as matched an ignore pattern: ref2_1.fq
[2023-11-13 05:15:03,899] multiqc                                            [DEBUG  ]  Ignoring file as matched an ignore pattern: etoh60_1_1.fq
[2023-11-13 05:15:03,899] multiqc                                            [DEBUG  ]  Ignoring file as matched an ignore pattern: temp33_2_2.fq
[2023-11-13 05:15:03,899] multiqc                                            [DEBUG  ]  Ignoring file as matched an ignore pattern: temp33_1_2.fq
[2023-11-13 05:15:03,900] multiqc                                            [DEBUG  ]  Ignoring file as matched an ignore pattern: ref2_2.fq
[2023-11-13 05:15:03,900] multiqc                                            [DEBUG  ]  Ignoring file as matched an ignore pattern: etoh60_2_1.fq
[2023-11-13 05:15:03,909] multiqc                                            [DEBUG  ]  File ignored by hicexplorer because it exceeded search pattern filesize limit: quant.sf
[2023-11-13 05:15:03,912] multiqc                                            [DEBUG  ]  File ignored by longranger/invocation because it exceeded search pattern filesize limit: quant.sf
[2023-11-13 05:15:04,547] multiqc                                            [DEBUG  ]  File ignored by hicexplorer because it exceeded search pattern filesize limit: ambig_info.tsv
[2023-11-13 05:15:04,551] multiqc                                            [DEBUG  ]  File ignored by longranger/invocation because it exceeded search pattern filesize limit: ambig_info.tsv
[2023-11-13 05:15:05,092] multiqc                                            [DEBUG  ]  File ignored by longranger/invocation because it exceeded search pattern filesize limit: salmon_quant.log
[2023-11-13 05:15:05,143] multiqc                                            [DEBUG  ]  File ignored by hicexplorer because it exceeded search pattern filesize limit: abundance.tsv
[2023-11-13 05:15:05,147] multiqc                                            [DEBUG  ]  File ignored by longranger/invocation because it exceeded search pattern filesize limit: abundance.tsv
[2023-11-13 05:15:05,705] multiqc                                            [DEBUG  ]  File ignored by hicexplorer because it exceeded search pattern filesize limit: abundance.h5
[2023-11-13 05:15:05,709] multiqc                                            [DEBUG  ]  File ignored by longranger/invocation because it exceeded search pattern filesize limit: abundance.h5
[2023-11-13 05:15:05,764] multiqc                                            [DEBUG  ]  File ignored by hicexplorer because it exceeded search pattern filesize limit: abundance.tsv
[2023-11-13 05:15:05,768] multiqc                                            [DEBUG  ]  File ignored by longranger/invocation because it exceeded search pattern filesize limit: abundance.tsv
[2023-11-13 05:15:06,319] multiqc                                            [DEBUG  ]  File ignored by hicexplorer because it exceeded search pattern filesize limit: abundance.h5
[2023-11-13 05:15:06,323] multiqc                                            [DEBUG  ]  File ignored by longranger/invocation because it exceeded search pattern filesize limit: abundance.h5
[2023-11-13 05:15:06,345] multiqc                                            [DEBUG  ]  File ignored by hicexplorer because it exceeded search pattern filesize limit: quant.sf
[2023-11-13 05:15:06,350] multiqc                                            [DEBUG  ]  File ignored by longranger/invocation because it exceeded search pattern filesize limit: quant.sf
[2023-11-13 05:15:06,986] multiqc                                            [DEBUG  ]  File ignored by hicexplorer because it exceeded search pattern filesize limit: ambig_info.tsv
[2023-11-13 05:15:06,990] multiqc                                            [DEBUG  ]  File ignored by longranger/invocation because it exceeded search pattern filesize limit: ambig_info.tsv
[2023-11-13 05:15:07,504] multiqc                                            [DEBUG  ]  File ignored by longranger/invocation because it exceeded search pattern filesize limit: salmon_quant.log
[2023-11-13 05:15:07,555] multiqc                                            [DEBUG  ]  File ignored by hicexplorer because it exceeded search pattern filesize limit: abundance.tsv
[2023-11-13 05:15:07,559] multiqc                                            [DEBUG  ]  File ignored by longranger/invocation because it exceeded search pattern filesize limit: abundance.tsv
[2023-11-13 05:15:08,121] multiqc                                            [DEBUG  ]  File ignored by hicexplorer because it exceeded search pattern filesize limit: abundance.h5
[2023-11-13 05:15:08,124] multiqc                                            [DEBUG  ]  File ignored by longranger/invocation because it exceeded search pattern filesize limit: abundance.h5
[2023-11-13 05:15:08,170] multiqc                                            [DEBUG  ]  File ignored by hicexplorer because it exceeded search pattern filesize limit: abundance.tsv
[2023-11-13 05:15:08,174] multiqc                                            [DEBUG  ]  File ignored by longranger/invocation because it exceeded search pattern filesize limit: abundance.tsv
[2023-11-13 05:15:08,730] multiqc                                            [DEBUG  ]  File ignored by hicexplorer because it exceeded search pattern filesize limit: abundance.h5
[2023-11-13 05:15:08,734] multiqc                                            [DEBUG  ]  File ignored by longranger/invocation because it exceeded search pattern filesize limit: abundance.h5
[2023-11-13 05:15:08,780] multiqc                                            [DEBUG  ]  File ignored by hicexplorer because it exceeded search pattern filesize limit: abundance.tsv
[2023-11-13 05:15:08,784] multiqc                                            [DEBUG  ]  File ignored by longranger/invocation because it exceeded search pattern filesize limit: abundance.tsv
[2023-11-13 05:15:09,332] multiqc                                            [DEBUG  ]  File ignored by hicexplorer because it exceeded search pattern filesize limit: abundance.h5
[2023-11-13 05:15:09,336] multiqc                                            [DEBUG  ]  File ignored by longranger/invocation because it exceeded search pattern filesize limit: abundance.h5
[2023-11-13 05:15:09,342] multiqc                                            [DEBUG  ]  Ignoring file as matched an ignore pattern: etoh60_2_2.fq
[2023-11-13 05:15:09,342] multiqc                                            [DEBUG  ]  Ignoring file as matched an ignore pattern: temp33_3_2.fq
[2023-11-13 05:15:09,342] multiqc                                            [DEBUG  ]  Ignoring file as matched an ignore pattern: ref_3_2.fq
[2023-11-13 05:15:09,343] multiqc                                            [DEBUG  ]  Ignoring file as matched an ignore pattern: temp33_2_1.fq
[2023-11-13 05:15:09,343] multiqc                                            [DEBUG  ]  Ignoring file as matched an ignore pattern: etoh60_3_1.fq
[2023-11-13 05:15:09,343] multiqc                                            [DEBUG  ]  Ignoring file as matched an ignore pattern: etoh60_3_2.fq
[2023-11-13 05:15:09,343] multiqc                                            [DEBUG  ]  Ignoring file as matched an ignore pattern: temp33_1_1.fq
[2023-11-13 05:15:09,344] multiqc                                            [DEBUG  ]  Ignoring file as matched an ignore pattern: ref_2_1.fq
[2023-11-13 05:15:09,344] multiqc                                            [DEBUG  ]  Ignoring file as matched an ignore pattern: temp33_3_1.fq
[2023-11-13 05:15:09,344] multiqc                                            [DEBUG  ]  Ignoring file as matched an ignore pattern: ref_1_2.fq
[2023-11-13 05:15:09,344] multiqc                                            [DEBUG  ]  Ignoring file as matched an ignore pattern: etoh60_1_2.fq
[2023-11-13 05:15:09,345] multiqc                                            [DEBUG  ]  Ignoring file as matched an ignore pattern: ref_1_1.fq
[2023-11-13 05:15:09,345] multiqc                                            [DEBUG  ]  Ignoring file as matched an ignore pattern: ref_3_1.fq
[2023-11-13 05:15:09,345] multiqc                                            [DEBUG  ]  Ignoring file as matched an ignore pattern: ref_2_2.fq
[2023-11-13 05:15:09,345] multiqc                                            [DEBUG  ]  Ignoring file as matched an ignore pattern: etoh60_1_1.fq
[2023-11-13 05:15:09,345] multiqc                                            [DEBUG  ]  Ignoring file as matched an ignore pattern: temp33_2_2.fq
[2023-11-13 05:15:09,346] multiqc                                            [DEBUG  ]  Ignoring file as matched an ignore pattern: temp33_1_2.fq
[2023-11-13 05:15:09,346] multiqc                                            [DEBUG  ]  Ignoring file as matched an ignore pattern: etoh60_2_1.fq
[2023-11-13 05:15:09,355] multiqc                                            [DEBUG  ]  File ignored by hicexplorer because it exceeded search pattern filesize limit: quant.sf
[2023-11-13 05:15:09,360] multiqc                                            [DEBUG  ]  File ignored by longranger/invocation because it exceeded search pattern filesize limit: quant.sf
[2023-11-13 05:15:09,986] multiqc                                            [DEBUG  ]  File ignored by hicexplorer because it exceeded search pattern filesize limit: ambig_info.tsv
[2023-11-13 05:15:09,989] multiqc                                            [DEBUG  ]  File ignored by longranger/invocation because it exceeded search pattern filesize limit: ambig_info.tsv
[2023-11-13 05:15:10,510] multiqc                                            [DEBUG  ]  File ignored by longranger/invocation because it exceeded search pattern filesize limit: salmon_quant.log
[2023-11-13 05:15:10,528] multiqc                                            [DEBUG  ]  File ignored by hicexplorer because it exceeded search pattern filesize limit: quant.sf
[2023-11-13 05:15:10,532] multiqc                                            [DEBUG  ]  File ignored by longranger/invocation because it exceeded search pattern filesize limit: quant.sf
[2023-11-13 05:15:11,156] multiqc                                            [DEBUG  ]  File ignored by hicexplorer because it exceeded search pattern filesize limit: ambig_info.tsv
[2023-11-13 05:15:11,160] multiqc                                            [DEBUG  ]  File ignored by longranger/invocation because it exceeded search pattern filesize limit: ambig_info.tsv
[2023-11-13 05:15:11,704] multiqc                                            [DEBUG  ]  File ignored by longranger/invocation because it exceeded search pattern filesize limit: salmon_quant.log
[2023-11-13 05:15:11,754] multiqc                                            [DEBUG  ]  File ignored by hicexplorer because it exceeded search pattern filesize limit: abundance.tsv
[2023-11-13 05:15:11,758] multiqc                                            [DEBUG  ]  File ignored by longranger/invocation because it exceeded search pattern filesize limit: abundance.tsv
[2023-11-13 05:15:12,382] multiqc                                            [DEBUG  ]  File ignored by hicexplorer because it exceeded search pattern filesize limit: abundance.h5
[2023-11-13 05:15:12,386] multiqc                                            [DEBUG  ]  File ignored by longranger/invocation because it exceeded search pattern filesize limit: abundance.h5
[2023-11-13 05:15:12,401] multiqc                                            [DEBUG  ]  File ignored by hicexplorer because it exceeded search pattern filesize limit: quant.sf
[2023-11-13 05:15:12,405] multiqc                                            [DEBUG  ]  File ignored by longranger/invocation because it exceeded search pattern filesize limit: quant.sf
[2023-11-13 05:15:13,032] multiqc                                            [DEBUG  ]  File ignored by hicexplorer because it exceeded search pattern filesize limit: ambig_info.tsv
[2023-11-13 05:15:13,036] multiqc                                            [DEBUG  ]  File ignored by longranger/invocation because it exceeded search pattern filesize limit: ambig_info.tsv
[2023-11-13 05:15:13,554] multiqc                                            [DEBUG  ]  File ignored by longranger/invocation because it exceeded search pattern filesize limit: salmon_quant.log
[2023-11-13 05:15:13,605] multiqc                                            [DEBUG  ]  File ignored by hicexplorer because it exceeded search pattern filesize limit: abundance.tsv
[2023-11-13 05:15:13,609] multiqc                                            [DEBUG  ]  File ignored by longranger/invocation because it exceeded search pattern filesize limit: abundance.tsv
[2023-11-13 05:15:14,166] multiqc                                            [DEBUG  ]  File ignored by hicexplorer because it exceeded search pattern filesize limit: abundance.h5
[2023-11-13 05:15:14,170] multiqc                                            [DEBUG  ]  File ignored by longranger/invocation because it exceeded search pattern filesize limit: abundance.h5
[2023-11-13 05:15:14,184] multiqc                                            [DEBUG  ]  File ignored by hicexplorer because it exceeded search pattern filesize limit: quant.sf
[2023-11-13 05:15:14,187] multiqc                                            [DEBUG  ]  File ignored by longranger/invocation because it exceeded search pattern filesize limit: quant.sf
[2023-11-13 05:15:14,813] multiqc                                            [DEBUG  ]  File ignored by hicexplorer because it exceeded search pattern filesize limit: ambig_info.tsv
[2023-11-13 05:15:14,818] multiqc                                            [DEBUG  ]  File ignored by longranger/invocation because it exceeded search pattern filesize limit: ambig_info.tsv
[2023-11-13 05:15:15,335] multiqc                                            [DEBUG  ]  File ignored by longranger/invocation because it exceeded search pattern filesize limit: salmon_quant.log
[2023-11-13 05:15:16,576] multiqc.plots.bargraph                             [DEBUG  ]  Using matplotlib version 3.8.0
[2023-11-13 05:15:16,577] multiqc.plots.linegraph                            [DEBUG  ]  Using matplotlib version 3.8.0
[2023-11-13 05:15:16,579] multiqc                                            [DEBUG  ]  No samples found: custom_content
[2023-11-13 05:15:16,594] multiqc                                            [DEBUG  ]  No samples found: ngsderive
[2023-11-13 05:15:16,607] multiqc                                            [DEBUG  ]  No samples found: purple
[2023-11-13 05:15:16,620] multiqc                                            [DEBUG  ]  No samples found: conpair
[2023-11-13 05:15:16,633] multiqc                                            [DEBUG  ]  No samples found: peddy
[2023-11-13 05:15:16,648] multiqc                                            [DEBUG  ]  No samples found: somalier
[2023-11-13 05:15:16,661] multiqc                                            [DEBUG  ]  No samples found: methylQA
[2023-11-13 05:15:16,677] multiqc                                            [DEBUG  ]  No samples found: mosdepth
[2023-11-13 05:15:16,690] multiqc                                            [DEBUG  ]  No samples found: phantompeakqualtools
[2023-11-13 05:15:16,703] multiqc                                            [DEBUG  ]  No samples found: qualimap
[2023-11-13 05:15:16,717] multiqc                                            [DEBUG  ]  No samples found: preseq
[2023-11-13 05:15:16,731] multiqc                                            [DEBUG  ]  No samples found: quast
[2023-11-13 05:15:16,745] multiqc                                            [DEBUG  ]  No samples found: qorts
[2023-11-13 05:15:16,759] multiqc                                            [DEBUG  ]  No samples found: rna_seqc
[2023-11-13 05:15:16,773] multiqc                                            [DEBUG  ]  No samples found: rockhopper
[2023-11-13 05:15:16,787] multiqc                                            [DEBUG  ]  No samples found: rsem
[2023-11-13 05:15:16,805] multiqc                                            [DEBUG  ]  No samples found: rseqc
[2023-11-13 05:15:16,819] multiqc                                            [DEBUG  ]  No samples found: busco
[2023-11-13 05:15:16,832] multiqc                                            [DEBUG  ]  No samples found: goleft_indexcov
[2023-11-13 05:15:16,846] multiqc                                            [DEBUG  ]  No samples found: disambiguate
[2023-11-13 05:15:16,861] multiqc                                            [DEBUG  ]  No samples found: supernova
[2023-11-13 05:15:16,879] multiqc                                            [DEBUG  ]  No samples found: deeptools
[2023-11-13 05:15:16,892] multiqc                                            [DEBUG  ]  No samples found: sargasso
[2023-11-13 05:15:16,905] multiqc                                            [DEBUG  ]  No samples found: verifybamid
[2023-11-13 05:15:16,918] multiqc                                            [DEBUG  ]  No samples found: mirtrace
[2023-11-13 05:15:16,931] multiqc                                            [DEBUG  ]  No samples found: happy
[2023-11-13 05:15:16,943] multiqc                                            [DEBUG  ]  No samples found: mirtop
[2023-11-13 05:15:16,957] multiqc                                            [DEBUG  ]  No samples found: homer
[2023-11-13 05:15:16,971] multiqc                                            [DEBUG  ]  No samples found: hops
[2023-11-13 05:15:16,984] multiqc                                            [DEBUG  ]  No samples found: macs2
[2023-11-13 05:15:16,997] multiqc                                            [DEBUG  ]  No samples found: theta2
[2023-11-13 05:15:17,010] multiqc                                            [DEBUG  ]  No samples found: snpeff
[2023-11-13 05:15:17,025] multiqc                                            [DEBUG  ]  No samples found: gatk
[2023-11-13 05:15:17,038] multiqc                                            [DEBUG  ]  No samples found: htseq
[2023-11-13 05:15:17,053] multiqc                                            [DEBUG  ]  No samples found: bcftools
[2023-11-13 05:15:17,067] multiqc                                            [DEBUG  ]  No samples found: featureCounts
[2023-11-13 05:15:17,081] multiqc                                            [DEBUG  ]  No samples found: fgbio
[2023-11-13 05:15:17,101] multiqc                                            [DEBUG  ]  No samples found: dragen
[2023-11-13 05:15:17,115] multiqc                                            [DEBUG  ]  No samples found: dedup
[2023-11-13 05:15:17,129] multiqc                                            [DEBUG  ]  No samples found: damageprofiler
[2023-11-13 05:15:17,153] multiqc                                            [DEBUG  ]  No samples found: biobambam2
[2023-11-13 05:15:17,168] multiqc                                            [DEBUG  ]  No samples found: jcvi
[2023-11-13 05:15:17,181] multiqc                                            [DEBUG  ]  No samples found: mtnucratio
[2023-11-13 05:15:17,194] multiqc                                            [DEBUG  ]  No samples found: picard
[2023-11-13 05:15:17,210] multiqc                                            [DEBUG  ]  No samples found: sentieon
[2023-11-13 05:15:17,223] multiqc                                            [DEBUG  ]  No samples found: prokka
[2023-11-13 05:15:17,236] multiqc                                            [DEBUG  ]  No samples found: qc3C
[2023-11-13 05:15:17,249] multiqc                                            [DEBUG  ]  No samples found: samblaster
[2023-11-13 05:15:17,264] multiqc                                            [DEBUG  ]  No samples found: samtools
[2023-11-13 05:15:17,277] multiqc                                            [DEBUG  ]  No samples found: sexdeterrmine
[2023-11-13 05:15:17,290] multiqc                                            [DEBUG  ]  No samples found: eigenstratdatabasetools
[2023-11-13 05:15:17,303] multiqc                                            [DEBUG  ]  No samples found: bamtools
[2023-11-13 05:15:17,317] multiqc                                            [DEBUG  ]  No samples found: jellyfish
[2023-11-13 05:15:17,332] multiqc                                            [DEBUG  ]  No samples found: vcftools
[2023-11-13 05:15:17,345] multiqc                                            [DEBUG  ]  No samples found: longranger
[2023-11-13 05:15:17,358] multiqc                                            [DEBUG  ]  No samples found: stacks
[2023-11-13 05:15:17,371] multiqc                                            [DEBUG  ]  No samples found: varscan2
[2023-11-13 05:15:17,391] multiqc                                            [DEBUG  ]  No samples found: bbmap
[2023-11-13 05:15:17,405] multiqc                                            [DEBUG  ]  No samples found: bismark
[2023-11-13 05:15:17,420] multiqc                                            [DEBUG  ]  No samples found: biscuit
[2023-11-13 05:15:17,434] multiqc                                            [DEBUG  ]  No samples found: hicexplorer
[2023-11-13 05:15:17,448] multiqc                                            [DEBUG  ]  No samples found: hicup
[2023-11-13 05:15:17,462] multiqc                                            [DEBUG  ]  No samples found: hicpro
[2023-11-13 05:15:17,505] multiqc.modules.salmon.salmon                      [INFO   ]  Found 9 meta reports
[2023-11-13 05:15:17,508] multiqc.modules.salmon.salmon                      [INFO   ]  Found 9 fragment length distributions
[2023-11-13 05:15:17,685] multiqc.modules.kallisto.kallisto                  [INFO   ]  Found 9 reports
[2023-11-13 05:15:17,712] multiqc                                            [DEBUG  ]  No samples found: slamdunk
[2023-11-13 05:15:17,725] multiqc                                            [DEBUG  ]  No samples found: star
[2023-11-13 05:15:17,738] multiqc                                            [DEBUG  ]  No samples found: hisat2
[2023-11-13 05:15:17,751] multiqc                                            [DEBUG  ]  No samples found: tophat
[2023-11-13 05:15:17,764] multiqc                                            [DEBUG  ]  No samples found: bowtie2
[2023-11-13 05:15:17,778] multiqc                                            [DEBUG  ]  No samples found: bowtie1
[2023-11-13 05:15:17,791] multiqc                                            [DEBUG  ]  No samples found: snpsplit
[2023-11-13 05:15:17,805] multiqc                                            [DEBUG  ]  No samples found: kat
[2023-11-13 05:15:17,819] multiqc                                            [DEBUG  ]  No samples found: leehom
[2023-11-13 05:15:17,833] multiqc                                            [DEBUG  ]  No samples found: adapterRemoval
[2023-11-13 05:15:17,846] multiqc                                            [DEBUG  ]  No samples found: clipandmerge
[2023-11-13 05:15:17,860] multiqc                                            [DEBUG  ]  No samples found: cutadapt
[2023-11-13 05:15:17,875] multiqc                                            [DEBUG  ]  No samples found: flexbar
[2023-11-13 05:15:17,889] multiqc                                            [DEBUG  ]  No samples found: kaiju
[2023-11-13 05:15:17,903] multiqc                                            [DEBUG  ]  No samples found: kraken
[2023-11-13 05:15:17,917] multiqc                                            [DEBUG  ]  No samples found: malt
[2023-11-13 05:15:17,931] multiqc                                            [DEBUG  ]  No samples found: trimmomatic
[2023-11-13 05:15:17,945] multiqc                                            [DEBUG  ]  No samples found: sickle
[2023-11-13 05:15:17,959] multiqc                                            [DEBUG  ]  No samples found: skewer
[2023-11-13 05:15:17,972] multiqc                                            [DEBUG  ]  No samples found: sortmerna
[2023-11-13 05:15:17,985] multiqc                                            [DEBUG  ]  No samples found: biobloomtools
[2023-11-13 05:15:17,998] multiqc                                            [DEBUG  ]  No samples found: fastq_screen
[2023-11-13 05:15:18,013] multiqc                                            [DEBUG  ]  No samples found: afterqc
[2023-11-13 05:15:18,026] multiqc                                            [DEBUG  ]  No samples found: fastp
[2023-11-13 05:15:19,383] multiqc.modules.fastqc.fastqc                      [DEBUG  ]  Skipping 'ref_1_1_fastqc.zip' as already parsed 'ref_1_1'
[2023-11-13 05:15:19,384] multiqc.modules.fastqc.fastqc                      [DEBUG  ]  Skipping 'ref_1_2_fastqc.zip' as already parsed 'ref_1_2'
[2023-11-13 05:15:19,384] multiqc.modules.fastqc.fastqc                      [DEBUG  ]  Skipping 'ref_2_1_fastqc.zip' as already parsed 'ref_2_1'
[2023-11-13 05:15:19,385] multiqc.modules.fastqc.fastqc                      [INFO   ]  Found 18 reports
[2023-11-13 05:15:20,281] multiqc                                            [DEBUG  ]  No samples found: pychopper
[2023-11-13 05:15:20,295] multiqc                                            [DEBUG  ]  No samples found: pycoqc
[2023-11-13 05:15:20,309] multiqc                                            [DEBUG  ]  No samples found: minionqc
[2023-11-13 05:15:20,323] multiqc                                            [DEBUG  ]  No samples found: multivcfanalyzer
[2023-11-13 05:15:20,337] multiqc                                            [DEBUG  ]  No samples found: clusterflow
[2023-11-13 05:15:20,351] multiqc                                            [DEBUG  ]  No samples found: bcl2fastq
[2023-11-13 05:15:20,366] multiqc                                            [DEBUG  ]  No samples found: interop
[2023-11-13 05:15:20,380] multiqc                                            [DEBUG  ]  No samples found: ivar
[2023-11-13 05:15:20,395] multiqc                                            [DEBUG  ]  No samples found: flash
[2023-11-13 05:15:20,409] multiqc                                            [DEBUG  ]  No samples found: seqyclean
[2023-11-13 05:15:20,423] multiqc                                            [DEBUG  ]  No samples found: optitype
[2023-11-13 05:15:20,531] multiqc                                            [INFO   ]  Compressing plot data
[2023-11-13 05:15:21,833] multiqc                                            [INFO   ]  Report      : multiqc_out/multiqc_report.html
[2023-11-13 05:15:21,833] multiqc                                            [INFO   ]  Data        : multiqc_out/multiqc_data
[2023-11-13 05:15:21,834] multiqc                                            [DEBUG  ]  Moving data file from '/tmp/tmprcwqz0_p/multiqc_data' to 'multiqc_out/multiqc_data'
[2023-11-13 05:15:22,145] multiqc                                            [INFO   ]  MultiQC complete
